  dfa.c
test4.24.obj : error LNK2019: 无法解析的外部符号 _Add，该符号在函数 _main 中被引用
D:\c pratice\test_4_24\Debug\test_4_24.exe : fatal error LNK1120: 1 个无法解析的外部命令
